This is cutadapt 4.4 with Python 3.10.12
Command line parameters: -a AGATCGGAAGAGCACACGTCTGAACTCCAGTCA -A AGATCGGAAGAGCGTCGTGTAGGGAAAGAGTGT -o 1_2A_R1.fastq -p 1_2A_R2.fastq /projects/bgmp/shared/2017_sequencing/demultiplexed/1_2A_control_S1_L008_R1_001.fastq.gz /projects/bgmp/shared/2017_sequencing/demultiplexed/1_2A_control_S1_L008_R2_001.fastq.gz
Processing paired-end reads on 1 core ...
Finished in 46.740 s (5.513 µs/read; 10.88 M reads/minute).

=== Summary ===

Total read pairs processed:          8,477,859
  Read 1 with adapter:                 468,835 (5.5%)
  Read 2 with adapter:                 537,308 (6.3%)
Pairs written (passing filters):     8,477,859 (100.0%)

Total basepairs processed: 1,712,527,518 bp
  Read 1:   856,263,759 bp
  Read 2:   856,263,759 bp
Total written (filtered):  1,700,985,044 bp (99.3%)
  Read 1:   850,635,517 bp
  Read 2:   850,349,527 bp

=== First read: Adapter 1 ===

Sequence: AGATCGGAAGAGCACACGTCTGAACTCCAGTCA; Type: regular 3'; Length: 33; Trimmed: 468835 times

Minimum overlap: 3
No. of allowed errors:
1-9 bp: 0; 10-19 bp: 1; 20-29 bp: 2; 30-33 bp: 3

Bases preceding removed adapters:
  A: 16.5%
  C: 29.3%
  G: 38.9%
  T: 15.3%
  none/other: 0.0%

Overview of removed sequences
length	count	expect	max.err	error counts
3	161873	132466.5	0	161873
4	43533	33116.6	0	43533
5	19584	8279.2	0	19584
6	12414	2069.8	0	12414
7	11557	517.4	0	11557
8	11126	129.4	0	11126
9	10963	32.3	0	10774 189
10	11036	8.1	1	10607 429
11	10562	2.0	1	10199 363
12	10097	0.5	1	9822 275
13	9805	0.1	1	9518 287
14	9677	0.0	1	9402 275
15	9316	0.0	1	9027 289
16	8975	0.0	1	8685 290
17	8484	0.0	1	8171 313
18	8018	0.0	1	7712 300 6
19	7800	0.0	1	7456 332 12
20	7345	0.0	2	7027 271 47
21	6973	0.0	2	6701 240 32
22	6679	0.0	2	6369 268 42
23	6452	0.0	2	6191 231 30
24	6130	0.0	2	5842 249 39
25	5938	0.0	2	5635 272 31
26	5361	0.0	2	5068 261 32
27	5151	0.0	2	4877 234 37 3
28	4807	0.0	2	4545 232 29 1
29	4304	0.0	2	4047 224 32 1
30	3951	0.0	3	3724 203 22 2
31	3753	0.0	3	3521 196 24 12
32	3334	0.0	3	3151 155 22 6
33	3082	0.0	3	2896 149 22 15
34	2915	0.0	3	2756 133 17 9
35	2665	0.0	3	2507 136 19 3
36	2396	0.0	3	2260 122 10 4
37	2279	0.0	3	2167 103 6 3
38	2006	0.0	3	1891 101 10 4
39	1831	0.0	3	1725 89 14 3
40	1646	0.0	3	1558 73 14 1
41	1489	0.0	3	1401 77 4 7
42	1384	0.0	3	1316 60 5 3
43	1143	0.0	3	1076 59 8
44	1061	0.0	3	1009 45 5 2
45	889	0.0	3	836 42 10 1
46	912	0.0	3	863 42 5 2
47	741	0.0	3	713 23 4 1
48	684	0.0	3	649 31 3 1
49	620	0.0	3	582 29 6 3
50	603	0.0	3	574 25 4
51	516	0.0	3	484 24 7 1
52	487	0.0	3	468 15 3 1
53	409	0.0	3	391 17 0 1
54	398	0.0	3	374 19 4 1
55	335	0.0	3	316 14 4 1
56	327	0.0	3	314 13
57	274	0.0	3	260 12 2
58	238	0.0	3	225 12 0 1
59	252	0.0	3	240 10 0 2
60	268	0.0	3	252 10 5 1
61	234	0.0	3	224 8 1 1
62	217	0.0	3	211 5 0 1
63	188	0.0	3	180 4 1 3
64	162	0.0	3	159 3
65	131	0.0	3	125 5 0 1
66	132	0.0	3	124 6 2
67	105	0.0	3	97 5 2 1
68	101	0.0	3	93 7 1
69	92	0.0	3	84 8
70	78	0.0	3	73 5
71	67	0.0	3	62 5
72	78	0.0	3	76 2
73	69	0.0	3	65 3 1
74	40	0.0	3	38 2
75	40	0.0	3	38 2
76	19	0.0	3	19
77	19	0.0	3	17 2
78	10	0.0	3	10
79	11	0.0	3	9 2
80	11	0.0	3	10 1
81	3	0.0	3	2 1
82	3	0.0	3	3
84	1	0.0	3	1
85	1	0.0	3	1
87	3	0.0	3	3
88	2	0.0	3	1 1
89	1	0.0	3	1
90	1	0.0	3	1
91	2	0.0	3	2
92	2	0.0	3	0 1 1
97	1	0.0	3	1
98	1	0.0	3	1
100	1	0.0	3	1
101	161	0.0	3	2 134 23 2


=== Second read: Adapter 2 ===

Sequence: AGATCGGAAGAGCGTCGTGTAGGGAAAGAGTGT; Type: regular 3'; Length: 33; Trimmed: 537308 times

Minimum overlap: 3
No. of allowed errors:
1-9 bp: 0; 10-19 bp: 1; 20-29 bp: 2; 30-33 bp: 3

Bases preceding removed adapters:
  A: 19.7%
  C: 29.4%
  G: 41.8%
  T: 9.0%
  none/other: 0.0%

Overview of removed sequences
length	count	expect	max.err	error counts
3	217243	132466.5	0	217243
4	50802	33116.6	0	50802
5	21718	8279.2	0	21718
6	13395	2069.8	0	13395
7	11682	517.4	0	11682
8	11210	129.4	0	11210
9	11180	32.3	0	10842 338
10	11241	8.1	1	10687 554
11	10785	2.0	1	10307 478
12	10229	0.5	1	9939 290
13	9878	0.1	1	9620 258
14	9731	0.0	1	9516 215
15	9397	0.0	1	9094 303
16	9022	0.0	1	8753 269
17	8507	0.0	1	8238 269
18	8087	0.0	1	7805 280 2
19	7852	0.0	1	7591 255 6
20	7361	0.0	2	7038 293 30
21	7013	0.0	2	6716 261 36
22	6712	0.0	2	6427 252 33
23	6484	0.0	2	6220 234 30
24	6154	0.0	2	5869 238 47
25	5979	0.0	2	5691 246 42
26	5397	0.0	2	5126 233 38
27	5179	0.0	2	4915 223 40 1
28	4860	0.0	2	4610 227 23
29	4349	0.0	2	4122 192 32 3
30	3973	0.0	3	3755 173 28 17
31	3784	0.0	3	3536 194 34 20
32	3372	0.0	3	3151 169 41 11
33	3119	0.0	3	2945 135 21 18
34	2951	0.0	3	2792 128 19 12
35	2694	0.0	3	2542 118 25 9
36	2425	0.0	3	2311 93 18 3
37	2296	0.0	3	2159 110 17 10
38	2041	0.0	3	1919 97 16 9
39	1855	0.0	3	1748 89 9 9
40	1675	0.0	3	1588 64 16 7
41	1505	0.0	3	1429 60 10 6
42	1403	0.0	3	1314 66 17 6
43	1166	0.0	3	1112 37 7 10
44	1074	0.0	3	998 56 10 10
45	910	0.0	3	851 48 6 5
46	932	0.0	3	875 46 7 4
47	755	0.0	3	719 28 4 4
48	705	0.0	3	654 40 8 3
49	638	0.0	3	592 35 4 7
50	626	0.0	3	574 40 8 4
51	539	0.0	3	498 32 5 4
52	513	0.0	3	465 32 10 6
53	430	0.0	3	405 17 5 3
54	425	0.0	3	391 20 4 10
55	352	0.0	3	322 23 3 4
56	351	0.0	3	317 21 9 4
57	300	0.0	3	267 27 4 2
58	260	0.0	3	235 16 4 5
59	268	0.0	3	247 15 4 2
60	290	0.0	3	264 19 4 3
61	249	0.0	3	230 13 3 3
62	233	0.0	3	213 16 1 3
63	204	0.0	3	177 17 2 8
64	174	0.0	3	160 11 3
65	142	0.0	3	126 8 8
66	147	0.0	3	135 5 5 2
67	112	0.0	3	99 8 2 3
68	119	0.0	3	101 12 4 2
69	109	0.0	3	97 4 5 3
70	95	0.0	3	79 9 7
71	85	0.0	3	74 3 6 2
72	84	0.0	3	76 6 1 1
73	79	0.0	3	67 8 4
74	52	0.0	3	46 5 0 1
75	48	0.0	3	40 4 3 1
76	30	0.0	3	23 5 2
77	27	0.0	3	26 0 1
78	20	0.0	3	14 3 2 1
79	17	0.0	3	14 2 1
80	12	0.0	3	11 0 1
81	4	0.0	3	3 0 1
82	3	0.0	3	3
83	1	0.0	3	0 0 1
84	4	0.0	3	1 1 2
85	3	0.0	3	1 1 0 1
87	4	0.0	3	3 1
88	2	0.0	3	2
89	3	0.0	3	1 0 2
90	2	0.0	3	1 1
91	3	0.0	3	1 1 1
92	1	0.0	3	1
94	1	0.0	3	0 1
97	1	0.0	3	1
98	1	0.0	3	1
100	1	0.0	3	0 0 1
101	162	0.0	3	0 134 27 1
	Command being timed: "cutadapt -a AGATCGGAAGAGCACACGTCTGAACTCCAGTCA -A AGATCGGAAGAGCGTCGTGTAGGGAAAGAGTGT -o 1_2A_R1.fastq -p 1_2A_R2.fastq /projects/bgmp/shared/2017_sequencing/demultiplexed/1_2A_control_S1_L008_R1_001.fastq.gz /projects/bgmp/shared/2017_sequencing/demultiplexed/1_2A_control_S1_L008_R2_001.fastq.gz"
	User time (seconds): 45.49
	System time (seconds): 0.82
	Percent of CPU this job got: 94%
	Elapsed (wall clock) time (h:mm:ss or m:ss): 0:48.94
	Average shared text size (kbytes): 0
	Average unshared data size (kbytes): 0
	Average stack size (kbytes): 0
	Average total size (kbytes): 0
	Maximum resident set size (kbytes): 40628
	Average resident set size (kbytes): 0
	Major (requiring I/O) page faults: 0
	Minor (reclaiming a frame) page faults: 7383
	Voluntary context switches: 1939
	Involuntary context switches: 140
	Swaps: 0
	File system inputs: 0
	File system outputs: 0
	Socket messages sent: 0
	Socket messages received: 0
	Signals delivered: 0
	Page size (bytes): 4096
	Exit status: 0
