	/projects/bgmp/perrisn/miniconda3/envs/QAA/bin/STAR-avx2 --runThreadN 8 --runMode genomeGenerate --genomeDir /projects/bgmp/perrisn/bioinfo/Bi623/QAA/Mus_musculus.GRCm39.dna.ens110.STAR_2.7.10b/ --genomeFastaFiles /projects/bgmp/perrisn/bioinfo/Bi623/QAA/GTF_and_FASTA/Mus_musculus.GRCm39.dna.primary_assembly.fa --sjdbGTFfile /projects/bgmp/perrisn/bioinfo/Bi623/QAA/GTF_and_FASTA/Mus_musculus.GRCm39.110.gtf
	STAR version: 2.7.10b   compiled: 2023-05-25T06:56:23+0000 :/opt/conda/conda-bld/star_1684997536154/work/source
Sep 12 15:19:34 ..... started STAR run
Sep 12 15:19:34 ... starting to generate Genome files
Sep 12 15:20:18 ..... processing annotations GTF
Sep 12 15:20:40 ... starting to sort Suffix Array. This may take a long time...
Sep 12 15:20:50 ... sorting Suffix Array chunks and saving them to disk...
Sep 12 15:31:49 ... loading chunks from disk, packing SA...
Sep 12 15:34:09 ... finished generating suffix array
Sep 12 15:34:09 ... generating Suffix Array index
Sep 12 15:36:56 ... completed Suffix Array index
Sep 12 15:36:56 ..... inserting junctions into the genome indices
Sep 12 15:39:32 ... writing Genome to disk ...
Sep 12 15:39:33 ... writing Suffix Array to disk ...
Sep 12 15:39:42 ... writing SAindex to disk
Sep 12 15:39:43 ..... finished successfully
	Command being timed: "STAR --runThreadN 8 --runMode genomeGenerate --genomeDir /projects/bgmp/perrisn/bioinfo/Bi623/QAA/Mus_musculus.GRCm39.dna.ens110.STAR_2.7.10b/ --genomeFastaFiles /projects/bgmp/perrisn/bioinfo/Bi623/QAA/GTF_and_FASTA/Mus_musculus.GRCm39.dna.primary_assembly.fa --sjdbGTFfile /projects/bgmp/perrisn/bioinfo/Bi623/QAA/GTF_and_FASTA/Mus_musculus.GRCm39.110.gtf"
	User time (seconds): 5790.25
	System time (seconds): 61.61
	Percent of CPU this job got: 484%
	Elapsed (wall clock) time (h:mm:ss or m:ss): 20:09.06
	Average shared text size (kbytes): 0
	Average unshared data size (kbytes): 0
	Average stack size (kbytes): 0
	Average total size (kbytes): 0
	Maximum resident set size (kbytes): 32382688
	Average resident set size (kbytes): 0
	Major (requiring I/O) page faults: 0
	Minor (reclaiming a frame) page faults: 23719098
	Voluntary context switches: 19731
	Involuntary context switches: 4943
	Swaps: 0
	File system inputs: 0
	File system outputs: 0
	Socket messages sent: 0
	Socket messages received: 0
	Signals delivered: 0
	Page size (bytes): 4096
	Exit status: 0
