	/projects/bgmp/perrisn/miniconda3/envs/QAA/bin/STAR-avx2 --runThreadN 8 --runMode alignReads --outFilterMultimapNmax 3 --outSAMunmapped Within KeepPairs --alignIntronMax 1000000 --alignMatesGapMax 1000000 --readFilesCommand zcat --readFilesIn /projects/bgmp/perrisn/bioinfo/Bi623/QAA/trimmed_data/17_3E_trim_forward_paired.fq.gz /projects/bgmp/perrisn/bioinfo/Bi623/QAA/trimmed_data/17_3E_reverse_paired.fq.gz --genomeDir /projects/bgmp/perrisn/bioinfo/Bi623/QAA/Mus_musculus.GRCm39.dna.ens110.STAR_2.7.10b/ --outFileNamePrefix alignment_file_17_3E
	STAR version: 2.7.10b   compiled: 2023-05-25T06:56:23+0000 :/opt/conda/conda-bld/star_1684997536154/work/source
Sep 12 15:52:51 ..... started STAR run
Sep 12 15:52:51 ..... loading genome
Sep 12 15:53:09 ..... started mapping
Sep 12 15:54:30 ..... finished mapping
Sep 12 15:54:31 ..... finished successfully
	Command being timed: "STAR --runThreadN 8 --runMode alignReads --outFilterMultimapNmax 3 --outSAMunmapped Within KeepPairs --alignIntronMax 1000000 --alignMatesGapMax 1000000 --readFilesCommand zcat --readFilesIn /projects/bgmp/perrisn/bioinfo/Bi623/QAA/trimmed_data/17_3E_trim_forward_paired.fq.gz /projects/bgmp/perrisn/bioinfo/Bi623/QAA/trimmed_data/17_3E_reverse_paired.fq.gz --genomeDir /projects/bgmp/perrisn/bioinfo/Bi623/QAA/Mus_musculus.GRCm39.dna.ens110.STAR_2.7.10b/ --outFileNamePrefix alignment_file_17_3E"
	User time (seconds): 572.23
	System time (seconds): 8.86
	Percent of CPU this job got: 580%
	Elapsed (wall clock) time (h:mm:ss or m:ss): 1:40.18
	Average shared text size (kbytes): 0
	Average unshared data size (kbytes): 0
	Average stack size (kbytes): 0
	Average total size (kbytes): 0
	Maximum resident set size (kbytes): 27385324
	Average resident set size (kbytes): 0
	Major (requiring I/O) page faults: 0
	Minor (reclaiming a frame) page faults: 205254
	Voluntary context switches: 101087
	Involuntary context switches: 3326
	Swaps: 0
	File system inputs: 0
	File system outputs: 0
	Socket messages sent: 0
	Socket messages received: 0
	Signals delivered: 0
	Page size (bytes): 4096
	Exit status: 0
